<?xml version="1.0" encoding="UTF-8"?>
<!-- Generated by org.testng.reporters.JUnitXMLReporter -->
<testsuite ignored="0" hostname="ELW5132" failures="0" tests="4" name="Default test" time="22.166" errors="0" timestamp="27 Sep 2022 04:46:30 GMT">
  <testcase classname="testING.NewTest" name="facebook" time="2.804"/>
  <testcase classname="testING.NewTest" name="login" time="4.252"/>
  <testcase classname="testING.NewTest" name="logout" time="4.204"/>
  <testcase classname="testING.NewTest" name="table" time="10.887"/>
</testsuite> <!-- Default test -->
