<?xml version="1.0" encoding="UTF-8"?>
<testng-results ignored="0" total="4" passed="4" failed="0" skipped="0">
  <reporter-output>
  </reporter-output>
  <suite started-at="2022-09-27T04:46:08Z" name="Default suite" finished-at="2022-09-27T04:46:30Z" duration-ms="22166">
    <groups>
    </groups>
    <test started-at="2022-09-27T04:46:08Z" name="Default test" finished-at="2022-09-27T04:46:30Z" duration-ms="22166">
      <class name="testING.NewTest">
        <test-method signature="facebook()[pri:0, instance:testING.NewTest@7ceb3185]" started-at="2022-09-27T04:46:08Z" name="facebook" finished-at="2022-09-27T04:46:10Z" duration-ms="2804" status="PASS">
          <reporter-output>
          </reporter-output>
        </test-method> <!-- facebook -->
        <test-method signature="login()[pri:0, instance:testING.NewTest@7ceb3185]" started-at="2022-09-27T04:46:10Z" name="login" finished-at="2022-09-27T04:46:15Z" duration-ms="4252" status="PASS">
          <reporter-output>
          </reporter-output>
        </test-method> <!-- login -->
        <test-method signature="logout()[pri:0, instance:testING.NewTest@7ceb3185]" started-at="2022-09-27T04:46:15Z" name="logout" finished-at="2022-09-27T04:46:19Z" duration-ms="4204" status="PASS">
          <reporter-output>
          </reporter-output>
        </test-method> <!-- logout -->
        <test-method signature="table()[pri:0, instance:testING.NewTest@7ceb3185]" started-at="2022-09-27T04:46:19Z" name="table" finished-at="2022-09-27T04:46:30Z" duration-ms="10887" status="PASS">
          <reporter-output>
          </reporter-output>
        </test-method> <!-- table -->
      </class> <!-- testING.NewTest -->
    </test> <!-- Default test -->
  </suite> <!-- Default suite -->
</testng-results>
